SF:lib\features\movies\data\models\movie_table.dart
DA:11,2
DA:18,2
DA:19,1
DA:20,1
DA:21,1
DA:22,1
DA:25,2
DA:26,1
DA:27,1
DA:28,1
DA:29,1
DA:32,0
DA:33,0
DA:34,0
DA:35,0
DA:36,0
DA:39,2
DA:40,1
DA:41,1
DA:42,1
DA:43,1
DA:46,2
DA:47,10
LF:23
LH:18
end_of_record
SF:lib\features\movies\domain\entities\genre.dart
DA:4,6
DA:12,2
DA:13,6
LF:3
LH:3
end_of_record
SF:lib\features\movies\domain\entities\movie.dart
DA:6,9
DA:22,1
DA:43,8
DA:44,8
DA:45,8
DA:46,8
DA:47,8
DA:48,8
DA:49,8
DA:50,8
DA:51,8
DA:52,8
DA:53,8
DA:54,8
DA:55,8
DA:56,8
DA:57,8
LF:17
LH:17
end_of_record
SF:lib\features\movies\domain\entities\movie_detail.dart
DA:6,6
DA:34,2
DA:35,2
DA:36,2
DA:37,2
DA:38,2
DA:39,2
DA:40,2
DA:41,2
DA:42,2
DA:43,2
DA:44,2
DA:45,2
DA:46,2
LF:14
LH:14
end_of_record
SF:lib\features\tv_series\data\models\tvseries_table.dart
DA:12,2
DA:19,1
DA:20,1
DA:21,1
DA:22,1
DA:23,1
DA:24,1
DA:27,2
DA:28,1
DA:29,1
DA:30,1
DA:31,1
DA:34,0
DA:35,0
DA:36,0
DA:37,0
DA:38,0
DA:41,2
DA:42,1
DA:43,1
DA:44,1
DA:45,1
DA:48,2
DA:49,10
LF:24
LH:19
end_of_record
SF:lib\features\tv_series\domain\entities\tvseries.dart
DA:6,9
DA:22,1
DA:43,8
DA:44,8
DA:45,8
DA:46,8
DA:47,8
DA:48,8
DA:49,8
DA:50,8
DA:51,8
DA:52,8
DA:53,8
DA:54,8
DA:55,8
DA:56,8
DA:57,8
LF:17
LH:17
end_of_record
SF:lib\features\tv_series\domain\entities\tvseries_detail.dart
DA:9,6
DA:75,2
DA:76,2
DA:77,2
DA:78,2
DA:79,2
DA:80,2
DA:81,2
DA:82,2
DA:83,2
DA:84,2
DA:85,2
DA:86,2
DA:87,2
DA:88,2
DA:89,2
DA:90,2
DA:91,2
DA:92,2
DA:93,2
DA:94,2
DA:95,2
DA:96,2
DA:97,2
DA:98,2
DA:99,2
DA:100,2
DA:101,2
DA:102,2
DA:103,2
DA:104,2
DA:105,2
DA:106,2
DA:107,2
DA:112,6
DA:126,2
DA:128,2
DA:129,2
DA:130,2
DA:131,2
DA:132,2
DA:133,2
DA:138,6
DA:146,2
DA:148,2
DA:149,2
DA:150,2
DA:155,6
DA:179,2
DA:181,2
DA:182,2
DA:183,2
DA:184,2
DA:185,2
DA:186,2
DA:187,2
DA:188,2
DA:189,2
DA:190,2
DA:191,2
DA:196,6
DA:208,2
DA:210,2
DA:211,2
DA:212,2
DA:213,2
DA:214,2
DA:219,6
DA:227,2
DA:229,2
DA:230,2
DA:231,2
DA:236,6
DA:254,2
DA:256,2
DA:257,2
DA:258,2
DA:259,2
DA:260,2
DA:261,2
DA:262,2
DA:263,2
DA:268,6
DA:278,2
DA:280,2
DA:281,2
DA:282,2
DA:283,2
LF:88
LH:88
end_of_record
SF:lib\common\failure.dart
DA:6,14
DA:8,2
DA:9,4
DA:13,28
DA:17,4
DA:21,8
LF:6
LH:6
end_of_record
SF:lib\features\movies\data\datasources\db\database_helper.dart
DA:8,0
DA:12,0
DA:16,0
DA:18,0
DA:25,0
DA:26,0
DA:27,0
DA:29,0
DA:33,0
DA:34,0
DA:41,0
DA:44,0
DA:45,0
DA:46,0
DA:49,0
DA:50,0
DA:51,0
DA:54,0
DA:58,0
DA:59,0
DA:60,0
DA:63,0
DA:66,0
DA:67,0
DA:73,0
DA:74,0
DA:75,0
LF:27
LH:0
end_of_record
SF:lib\features\movies\data\datasources\movie_local_data_source.dart
DA:15,1
DA:17,1
DA:20,2
DA:23,2
DA:27,1
DA:30,2
DA:33,2
DA:37,1
DA:39,2
DA:41,1
DA:47,1
DA:49,2
DA:50,4
LF:13
LH:13
end_of_record
SF:lib\features\movies\data\datasources\movie_remote_data_source.dart
DA:24,1
DA:26,1
DA:29,4
DA:31,2
DA:32,4
DA:34,1
DA:38,1
DA:41,4
DA:43,2
DA:44,3
DA:46,1
DA:50,1
DA:52,1
DA:53,3
DA:55,2
DA:56,4
DA:58,1
DA:62,1
DA:65,4
DA:67,2
DA:68,4
DA:70,1
DA:74,1
DA:77,4
DA:79,2
DA:80,4
DA:82,1
DA:86,1
DA:88,1
DA:89,3
DA:91,2
DA:92,4
DA:94,1
LF:33
LH:33
end_of_record
SF:lib\features\movies\data\models\movie_detail_model.dart
DA:6,2
DA:52,1
DA:53,1
DA:54,1
DA:55,1
DA:56,1
DA:57,1
DA:58,4
DA:59,1
DA:60,1
DA:61,1
DA:62,1
DA:63,1
DA:64,1
DA:65,2
DA:66,1
DA:67,1
DA:68,1
DA:69,1
DA:70,1
DA:71,1
DA:72,1
DA:73,1
DA:74,2
DA:75,1
DA:78,0
DA:79,0
DA:80,0
DA:81,0
DA:82,0
DA:83,0
DA:84,0
DA:85,0
DA:86,0
DA:87,0
DA:88,0
DA:89,0
DA:90,0
DA:91,0
DA:92,0
DA:93,0
DA:94,0
DA:95,0
DA:96,0
DA:97,0
DA:98,0
DA:99,0
DA:102,1
DA:103,1
DA:104,1
DA:105,1
DA:106,5
DA:107,1
DA:108,1
DA:109,1
DA:110,1
DA:111,1
DA:112,1
DA:113,1
DA:114,1
DA:115,1
DA:119,1
DA:120,1
DA:121,1
DA:122,1
DA:123,1
DA:124,1
DA:125,1
DA:126,1
DA:127,1
DA:128,1
DA:129,1
DA:130,1
DA:131,1
DA:132,1
DA:133,1
DA:134,1
DA:135,1
DA:136,1
DA:137,1
DA:138,1
DA:139,1
DA:140,1
DA:141,1
LF:84
LH:62
end_of_record
SF:lib\features\movies\data\models\movie_model.dart
DA:5,4
DA:35,4
DA:36,2
DA:37,2
DA:38,8
DA:39,2
DA:40,2
DA:41,2
DA:42,4
DA:43,2
DA:44,2
DA:45,2
DA:46,2
DA:47,4
DA:48,2
DA:51,2
DA:52,1
DA:53,1
DA:54,4
DA:55,1
DA:56,1
DA:57,1
DA:58,1
DA:59,1
DA:60,1
DA:61,1
DA:62,1
DA:63,1
DA:64,1
DA:67,2
DA:68,2
DA:69,2
DA:70,2
DA:71,2
DA:72,2
DA:73,2
DA:74,2
DA:75,2
DA:76,2
DA:77,2
DA:78,2
DA:79,2
DA:80,2
DA:81,2
DA:85,2
DA:86,2
DA:87,2
DA:88,2
DA:89,2
DA:90,2
DA:91,2
DA:92,2
DA:93,2
DA:94,2
DA:95,2
DA:96,2
DA:97,2
DA:98,2
DA:99,2
LF:59
LH:59
end_of_record
SF:lib\features\tv_series\data\datasources\db\database_tvseries_helper.dart
DA:8,0
DA:12,0
DA:13,0
DA:17,0
DA:19,0
DA:26,0
DA:27,0
DA:28,0
DA:30,0
DA:34,0
DA:35,0
DA:42,0
DA:45,0
DA:46,0
DA:47,0
DA:50,0
DA:51,0
DA:52,0
DA:55,0
DA:59,0
DA:60,0
DA:61,0
DA:64,0
DA:67,0
DA:68,0
DA:74,0
DA:75,0
DA:76,0
LF:28
LH:0
end_of_record
SF:lib\features\tv_series\data\datasources\tvseries_local_data_source.dart
DA:16,1
DA:18,1
DA:21,2
DA:24,2
DA:28,1
DA:31,2
DA:34,2
DA:38,1
DA:40,2
DA:42,1
DA:48,1
DA:50,2
DA:51,4
LF:13
LH:13
end_of_record
SF:lib\features\tv_series\data\datasources\tvseries_remote_data_source.dart
DA:24,1
DA:26,1
DA:29,4
DA:31,2
DA:32,4
DA:34,1
DA:38,1
DA:40,4
DA:42,2
DA:43,3
DA:45,1
DA:49,1
DA:51,1
DA:52,3
DA:54,2
DA:55,4
DA:57,1
DA:61,1
DA:64,4
DA:66,2
DA:67,4
DA:69,1
DA:73,1
DA:76,4
DA:78,2
DA:79,4
DA:81,1
DA:85,1
DA:87,1
DA:88,3
DA:90,2
DA:91,4
DA:93,1
LF:33
LH:33
end_of_record
SF:lib\features\tv_series\data\models\tvseries_detail_model.dart
DA:14,1
DA:15,2
DA:17,0
DA:18,0
DA:21,2
DA:87,1
DA:88,1
DA:89,1
DA:90,5
DA:91,1
DA:92,1
DA:93,5
DA:94,1
DA:95,1
DA:96,1
DA:97,1
DA:98,1
DA:99,2
DA:100,1
DA:101,1
DA:102,5
DA:103,1
DA:104,1
DA:105,1
DA:106,1
DA:107,1
DA:108,1
DA:109,1
DA:110,1
DA:112,5
DA:114,5
DA:115,5
DA:116,5
DA:117,1
DA:118,1
DA:119,1
DA:120,1
DA:121,1
DA:125,1
DA:126,1
DA:127,1
DA:128,1
DA:129,4
DA:130,4
DA:131,2
DA:132,1
DA:133,4
DA:134,1
DA:135,1
DA:136,1
DA:137,4
DA:138,2
DA:139,1
DA:140,1
DA:141,1
DA:142,1
DA:143,1
DA:144,4
DA:145,1
DA:146,1
DA:147,4
DA:148,1
DA:149,1
DA:150,1
DA:151,2
DA:152,1
DA:153,1
DA:154,4
DA:155,1
DA:156,1
DA:157,3
DA:158,1
DA:159,4
DA:160,2
DA:161,3
DA:162,1
DA:163,1
DA:164,1
DA:165,2
DA:166,1
DA:169,0
DA:170,0
DA:171,0
DA:172,0
DA:174,0
DA:175,0
DA:176,0
DA:177,0
DA:178,0
DA:179,0
DA:181,0
DA:182,0
DA:183,0
DA:184,0
DA:185,0
DA:186,0
DA:187,0
DA:188,0
DA:189,0
DA:190,0
DA:191,0
DA:192,0
DA:193,0
DA:195,0
DA:197,0
DA:198,0
DA:200,0
DA:201,0
DA:202,0
DA:203,0
DA:204,0
DA:205,0
DA:208,1
DA:209,1
DA:210,1
DA:211,1
DA:212,1
DA:213,1
DA:214,1
DA:215,1
DA:216,1
DA:217,1
DA:218,1
DA:219,1
DA:220,1
DA:221,1
DA:222,1
DA:223,1
DA:224,1
DA:225,1
DA:226,1
DA:227,1
DA:228,1
DA:229,1
DA:230,1
DA:231,1
DA:232,1
DA:233,1
DA:234,1
DA:235,1
DA:236,1
DA:237,1
DA:238,1
DA:239,1
DA:240,1
DA:245,2
DA:259,1
DA:260,1
DA:261,1
DA:262,1
DA:263,1
DA:264,1
DA:265,1
DA:269,2
DA:270,1
DA:271,1
DA:272,1
DA:273,1
DA:274,1
DA:277,0
DA:278,0
DA:279,0
DA:280,0
DA:281,0
DA:282,0
DA:285,1
DA:287,1
DA:288,1
DA:289,1
DA:290,1
DA:291,1
DA:292,1
DA:297,2
DA:305,1
DA:306,1
DA:307,1
DA:308,1
DA:312,1
DA:313,1
DA:314,1
DA:315,1
DA:318,0
DA:319,0
DA:320,0
DA:323,1
DA:325,1
DA:326,1
DA:327,1
DA:332,2
DA:356,1
DA:357,1
DA:358,1
DA:359,1
DA:360,1
DA:361,1
DA:362,1
DA:363,1
DA:364,1
DA:365,1
DA:366,1
DA:367,1
DA:371,1
DA:372,1
DA:373,2
DA:374,1
DA:375,1
DA:376,1
DA:377,1
DA:378,1
DA:379,1
DA:380,1
DA:381,2
DA:382,1
DA:385,0
DA:387,0
DA:388,0
DA:389,0
DA:390,0
DA:391,0
DA:392,0
DA:393,0
DA:394,0
DA:395,0
DA:396,0
DA:399,1
DA:401,1
DA:402,1
DA:403,1
DA:404,1
DA:405,1
DA:406,1
DA:407,1
DA:408,1
DA:409,1
DA:410,1
DA:411,1
DA:416,2
DA:428,1
DA:429,1
DA:430,1
DA:431,1
DA:432,1
DA:433,1
DA:437,2
DA:438,1
DA:439,1
DA:440,2
DA:441,1
DA:444,0
DA:445,0
DA:446,0
DA:447,0
DA:448,0
DA:451,1
DA:453,1
DA:454,1
DA:455,1
DA:456,1
DA:457,1
DA:462,2
DA:470,1
DA:471,1
DA:472,1
DA:473,1
DA:477,1
DA:478,1
DA:479,1
DA:480,1
DA:483,0
DA:484,0
DA:485,0
DA:488,1
DA:490,1
DA:491,1
DA:492,1
DA:497,2
DA:515,1
DA:516,1
DA:517,1
DA:518,1
DA:519,1
DA:520,1
DA:521,1
DA:522,1
DA:523,1
DA:527,2
DA:528,2
DA:529,1
DA:530,1
DA:531,1
DA:532,1
DA:533,1
DA:534,1
DA:537,0
DA:539,0
DA:540,0
DA:541,0
DA:542,0
DA:543,0
DA:544,0
DA:545,0
DA:548,1
DA:550,1
DA:551,1
DA:552,1
DA:553,1
DA:554,1
DA:555,1
DA:556,1
DA:557,1
DA:562,2
DA:572,1
DA:573,1
DA:574,1
DA:575,1
DA:576,1
DA:580,1
DA:581,1
DA:582,1
DA:583,1
DA:584,1
DA:587,0
DA:588,0
DA:589,0
DA:590,0
DA:593,1
DA:595,1
DA:596,1
DA:597,1
DA:598,1
LF:330
LH:256
end_of_record
SF:lib\features\tv_series\data\models\tvseries_model.dart
DA:7,4
DA:37,2
DA:38,2
DA:39,2
DA:40,2
DA:41,2
DA:42,2
DA:43,2
DA:44,2
DA:45,2
DA:46,2
DA:47,2
DA:48,2
DA:49,2
DA:50,2
DA:51,2
DA:55,4
DA:56,4
DA:57,4
DA:58,2
DA:60,4
DA:61,4
DA:62,2
DA:63,2
DA:64,8
DA:65,8
DA:66,2
DA:67,2
DA:68,2
DA:69,2
DA:72,2
DA:73,2
DA:74,1
DA:75,1
DA:76,2
DA:77,1
DA:78,1
DA:79,1
DA:81,4
DA:82,4
DA:83,1
DA:84,1
DA:85,1
DA:86,1
DA:89,2
DA:90,2
DA:91,2
DA:92,2
DA:93,2
DA:94,2
DA:95,2
DA:96,2
DA:97,2
DA:98,2
DA:99,2
DA:100,2
DA:101,2
DA:102,2
DA:103,2
LF:59
LH:59
end_of_record
SF:lib\common\exception.dart
DA:6,4
LF:1
LH:1
end_of_record
SF:lib\features\movies\data\models\movie_response.dart
DA:7,2
DA:9,4
DA:10,4
DA:11,6
DA:12,6
DA:15,2
DA:16,5
DA:19,1
DA:20,2
LF:9
LH:9
end_of_record
SF:lib\features\movies\data\models\genre_model.dart
DA:5,2
DA:13,2
DA:14,1
DA:15,1
DA:18,0
DA:19,0
DA:20,0
DA:23,1
DA:24,3
DA:27,1
DA:28,3
LF:11
LH:8
end_of_record
SF:lib\features\tv_series\data\models\tvseries_response.dart
DA:8,2
DA:10,2
DA:11,2
DA:12,4
DA:13,6
DA:14,6
DA:17,2
DA:18,5
DA:21,1
DA:22,2
LF:10
LH:10
end_of_record
SF:lib\features\movies\data\repositories\movie_repository_impl.dart
DA:17,1
DA:22,1
DA:25,2
DA:26,5
DA:27,1
DA:28,2
DA:29,1
DA:30,2
DA:34,1
DA:37,2
DA:38,2
DA:39,1
DA:40,2
DA:41,1
DA:42,2
DA:46,1
DA:49,2
DA:50,3
DA:51,1
DA:52,2
DA:53,1
DA:54,2
DA:58,1
DA:61,2
DA:62,5
DA:63,1
DA:64,2
DA:65,1
DA:66,2
DA:70,1
DA:73,2
DA:74,5
DA:75,1
DA:76,2
DA:77,1
DA:78,2
DA:82,1
DA:85,2
DA:86,5
DA:87,1
DA:88,2
DA:89,1
DA:90,2
DA:94,1
DA:98,3
DA:99,1
DA:100,1
DA:101,3
DA:107,1
DA:111,3
DA:112,1
DA:113,1
DA:114,3
DA:118,1
DA:120,2
DA:124,1
DA:126,2
DA:127,5
LF:58
LH:58
end_of_record
SF:lib\features\movies\domain\usecases\get_movie_detail.dart
DA:10,1
DA:12,1
DA:13,2
LF:3
LH:3
end_of_record
SF:lib\features\movies\domain\usecases\get_movie_recommendations.dart
DA:10,1
DA:12,1
DA:13,2
LF:3
LH:3
end_of_record
SF:lib\features\movies\domain\usecases\get_now_playing_movies.dart
DA:10,1
DA:12,1
DA:13,2
LF:3
LH:3
end_of_record
SF:lib\features\movies\domain\usecases\get_popular_movies.dart
DA:10,1
DA:12,1
DA:13,2
LF:3
LH:3
end_of_record
SF:lib\features\movies\domain\usecases\get_top_rated_movies.dart
DA:10,1
DA:12,1
DA:13,2
LF:3
LH:3
end_of_record
SF:lib\features\movies\domain\usecases\get_watchlist_movies.dart
DA:10,1
DA:12,1
DA:13,2
LF:3
LH:3
end_of_record
SF:lib\features\movies\domain\usecases\get_watchlist_status.dart
DA:6,1
DA:8,1
DA:9,2
LF:3
LH:3
end_of_record
SF:lib\features\movies\domain\usecases\remove_watchlist.dart
DA:9,1
DA:11,1
DA:12,2
LF:3
LH:3
end_of_record
SF:lib\features\movies\domain\usecases\save_watchlist.dart
DA:9,1
DA:11,1
DA:12,2
LF:3
LH:3
end_of_record
SF:lib\features\movies\domain\usecases\search_movies.dart
DA:9,1
DA:11,1
DA:12,2
LF:3
LH:3
end_of_record
SF:lib\features\movies\presentation\bloc\movie_list\movie_list_bloc.dart
DA:18,1
DA:22,2
DA:23,2
DA:24,3
DA:26,2
DA:27,1
DA:28,1
DA:29,1
DA:30,2
DA:32,1
DA:36,1
DA:37,1
DA:38,2
DA:47,2
DA:48,3
DA:50,2
DA:51,1
DA:52,1
DA:53,1
DA:54,2
DA:56,1
DA:60,1
DA:61,1
DA:62,2
DA:71,2
DA:72,3
DA:74,2
DA:75,1
DA:76,1
DA:77,1
DA:78,2
DA:80,1
DA:84,1
DA:85,1
DA:86,2
LF:35
LH:35
end_of_record
SF:lib\features\movies\presentation\bloc\movie_list\movie_list_event.dart
DA:4,1
DA:6,0
DA:7,0
LF:3
LH:1
end_of_record
SF:lib\features\movies\presentation\bloc\movie_list\movie_list_state.dart
DA:4,1
DA:12,1
DA:13,1
DA:14,1
DA:24,1
DA:33,1
DA:34,1
DA:35,1
DA:36,1
DA:37,1
DA:38,1
DA:39,1
DA:40,1
DA:44,1
DA:45,1
DA:46,1
DA:47,1
DA:48,1
DA:49,1
DA:50,1
DA:51,1
LF:21
LH:21
end_of_record
SF:lib\features\movies\presentation\bloc\movie_detail\movie_detail_event.dart
DA:4,2
DA:6,0
DA:7,0
DA:11,2
DA:17,2
DA:23,1
DA:29,2
LF:7
LH:5
end_of_record
SF:lib\features\movies\presentation\bloc\movie_detail\movie_detail_state.dart
DA:4,2
DA:13,1
DA:16,2
DA:27,1
DA:37,1
DA:46,1
DA:47,1
DA:48,1
DA:49,1
DA:50,1
DA:51,1
DA:52,1
DA:53,1
DA:57,1
DA:58,1
DA:59,1
DA:60,1
DA:61,1
DA:62,1
DA:63,1
DA:64,1
DA:65,1
LF:22
LH:22
end_of_record
SF:lib\features\movies\presentation\bloc\movie_detail\movie_detail_bloc.dart
DA:27,1
DA:33,2
DA:34,2
DA:35,3
DA:37,3
DA:39,3
DA:41,1
DA:42,1
DA:43,1
DA:44,2
DA:46,1
DA:50,1
DA:51,1
DA:52,2
DA:58,1
DA:59,1
DA:60,1
DA:61,2
DA:63,1
DA:67,1
DA:68,1
DA:69,2
DA:76,1
DA:77,2
DA:85,2
DA:86,3
DA:88,1
DA:89,1
DA:90,4
DA:92,1
DA:93,3
DA:97,4
DA:100,2
DA:101,3
DA:103,1
DA:104,0
DA:105,0
DA:107,1
DA:108,3
DA:112,4
DA:115,2
DA:116,3
DA:117,3
LF:43
LH:41
end_of_record
SF:lib\features\movies\presentation\bloc\movie_search\movie_search_state.dart
DA:4,1
DA:8,1
DA:14,1
DA:19,1
DA:20,0
DA:21,1
DA:22,1
DA:26,1
DA:27,1
DA:28,1
DA:29,1
DA:30,1
LF:12
LH:11
end_of_record
SF:lib\features\movies\presentation\bloc\movie_search\movie_search_bloc.dart
DA:14,3
DA:15,2
DA:16,3
DA:18,3
DA:19,1
DA:20,1
DA:21,1
DA:22,2
DA:24,1
DA:28,1
DA:29,1
DA:30,2
LF:12
LH:12
end_of_record
SF:lib\features\movies\presentation\bloc\movie_search\movie_search_event.dart
DA:4,1
DA:6,0
DA:7,0
DA:11,1
LF:4
LH:2
end_of_record
SF:lib\features\movies\presentation\bloc\popular_movies\popular_movies_bloc.dart
DA:14,1
DA:15,2
DA:16,2
DA:17,3
DA:19,2
DA:21,1
DA:22,1
DA:23,1
DA:24,2
DA:26,1
DA:30,1
DA:31,1
DA:32,2
LF:13
LH:13
end_of_record
SF:lib\features\movies\presentation\bloc\popular_movies\popular_movies_event.dart
DA:4,2
DA:6,0
DA:7,0
LF:3
LH:1
end_of_record
SF:lib\features\movies\presentation\bloc\popular_movies\popular_movies_state.dart
DA:4,2
DA:8,2
DA:14,1
DA:19,1
DA:20,0
DA:21,1
DA:22,1
DA:26,1
DA:27,1
DA:28,1
DA:29,1
DA:30,1
LF:12
LH:11
end_of_record
SF:lib\features\movies\presentation\bloc\top_rated_movies\top_rated_movies_bloc.dart
DA:15,1
DA:16,2
DA:17,2
DA:18,3
DA:20,2
DA:22,1
DA:23,1
DA:24,1
DA:25,2
DA:27,1
DA:31,1
DA:32,1
DA:33,2
LF:13
LH:13
end_of_record
SF:lib\features\movies\presentation\bloc\top_rated_movies\top_rated_movies_event.dart
DA:4,2
DA:6,0
DA:7,0
LF:3
LH:1
end_of_record
SF:lib\features\movies\presentation\bloc\top_rated_movies\top_rated_movies_state.dart
DA:4,2
DA:8,2
DA:14,1
DA:19,1
DA:20,0
DA:21,1
DA:22,1
DA:26,1
DA:27,1
DA:28,1
DA:29,1
DA:30,1
LF:12
LH:11
end_of_record
SF:lib\features\movies\presentation\bloc\watchlist_movie\watchlist_movie_bloc.dart
DA:16,1
DA:17,2
DA:18,2
DA:19,3
DA:21,2
DA:22,1
DA:23,1
DA:24,1
DA:25,2
DA:27,1
DA:31,1
DA:32,1
DA:33,2
LF:13
LH:13
end_of_record
SF:lib\features\movies\presentation\bloc\watchlist_movie\watchlist_movie_event.dart
DA:4,1
DA:6,0
DA:7,0
LF:3
LH:1
end_of_record
SF:lib\features\movies\presentation\bloc\watchlist_movie\watchlist_movie_state.dart
DA:4,1
DA:8,1
DA:14,1
DA:19,1
DA:20,0
DA:21,1
DA:22,1
DA:26,1
DA:27,1
DA:28,1
DA:29,1
DA:30,1
LF:12
LH:11
end_of_record
SF:lib\features\movies\presentation\pages\popular_movies_page.dart
DA:12,1
DA:13,1
DA:17,1
DA:19,1
DA:20,2
DA:21,2
DA:22,2
DA:25,1
DA:27,1
DA:28,1
DA:29,1
DA:31,1
DA:33,1
DA:34,1
DA:35,2
DA:36,1
DA:37,1
DA:39,2
DA:40,1
DA:41,0
DA:42,0
DA:43,0
DA:45,2
DA:48,1
DA:49,1
DA:50,2
LF:26
LH:23
end_of_record
SF:lib\features\movies\presentation\widgets\movie_card_list.dart
DA:11,0
DA:13,0
DA:15,0
DA:17,0
DA:18,0
DA:19,0
DA:22,0
DA:25,0
DA:27,0
DA:28,0
DA:29,0
DA:35,0
DA:37,0
DA:38,0
DA:39,0
DA:42,0
DA:44,0
DA:45,0
DA:46,0
DA:54,0
DA:59,0
DA:60,0
DA:61,0
DA:63,0
DA:64,0
DA:66,0
DA:68,0
LF:27
LH:0
end_of_record
SF:lib\common\constants.dart
DA:15,4
DA:16,2
DA:17,6
DA:19,0
DA:21,0
DA:25,0
DA:26,0
DA:27,0
DA:28,0
DA:29,0
LF:10
LH:3
end_of_record
SF:lib\features\movies\presentation\pages\movie_detail_page.dart
DA:16,1
DA:18,1
DA:19,1
DA:23,1
DA:25,1
DA:26,2
DA:27,2
DA:28,4
DA:29,2
DA:30,4
DA:34,1
DA:36,1
DA:37,1
DA:38,1
DA:39,2
DA:40,0
DA:41,0
DA:43,2
DA:44,1
DA:45,1
DA:46,1
DA:48,1
DA:49,1
DA:53,0
DA:66,1
DA:68,1
DA:70,3
DA:71,1
DA:72,1
DA:73,1
DA:74,3
DA:76,2
DA:77,1
DA:79,0
DA:81,1
DA:83,1
DA:84,1
DA:85,1
DA:86,1
DA:88,2
DA:95,1
DA:96,1
DA:97,1
DA:99,1
DA:101,1
DA:103,1
DA:104,1
DA:105,2
DA:106,1
DA:108,1
DA:109,1
DA:110,1
DA:111,1
DA:113,3
DA:115,0
DA:117,0
DA:118,0
DA:121,1
DA:122,1
DA:124,1
DA:125,1
DA:126,2
DA:128,1
DA:131,1
DA:134,1
DA:135,2
DA:136,1
DA:137,2
DA:141,1
DA:143,1
DA:144,1
DA:145,1
DA:150,1
DA:152,1
DA:153,1
DA:154,1
DA:155,1
DA:156,1
DA:160,1
DA:161,3
DA:163,1
DA:164,3
DA:166,1
DA:167,1
DA:168,1
DA:169,3
DA:171,2
DA:177,4
DA:180,1
DA:181,1
DA:183,1
DA:185,1
DA:186,2
DA:188,1
DA:189,1
DA:191,1
DA:193,1
DA:194,1
DA:195,2
DA:197,0
DA:198,0
DA:200,2
DA:202,0
DA:203,2
DA:205,1
DA:207,1
DA:209,0
DA:210,0
DA:211,0
DA:213,0
DA:214,0
DA:215,0
DA:218,0
DA:221,0
DA:222,0
DA:223,0
DA:225,0
DA:227,0
DA:228,0
DA:229,0
DA:231,0
DA:234,0
DA:235,0
DA:241,2
DA:245,0
DA:253,1
DA:255,1
DA:270,1
DA:272,1
DA:275,1
DA:276,1
DA:277,0
DA:278,0
DA:287,1
DA:289,2
DA:290,3
DA:293,1
DA:297,3
DA:300,1
DA:301,1
DA:302,1
DA:304,1
DA:305,1
DA:307,0
LF:144
LH:113
end_of_record
SF:lib\features\movies\presentation\pages\top_rated_movies_page.dart
DA:12,1
DA:13,1
DA:17,1
DA:19,1
DA:20,2
DA:21,2
DA:22,2
DA:25,1
DA:27,1
DA:28,1
DA:29,1
DA:31,1
DA:33,1
DA:34,1
DA:35,2
DA:36,1
DA:37,1
DA:39,2
DA:40,1
DA:41,0
DA:42,0
DA:43,0
DA:45,2
DA:48,1
DA:49,1
DA:50,2
LF:26
LH:23
end_of_record
SF:lib\features\tv_series\data\repositories\tvseries_repository_impl.dart
DA:18,1
DA:23,1
DA:26,2
DA:27,5
DA:28,1
DA:29,2
DA:30,1
DA:31,2
DA:35,1
DA:38,2
DA:39,2
DA:40,1
DA:41,2
DA:42,1
DA:43,2
DA:47,1
DA:51,2
DA:52,3
DA:53,1
DA:54,2
DA:55,1
DA:56,2
DA:60,1
DA:63,2
DA:64,5
DA:65,1
DA:66,2
DA:67,1
DA:68,2
DA:72,1
DA:75,2
DA:76,5
DA:77,1
DA:78,2
DA:79,1
DA:80,2
DA:84,1
DA:87,2
DA:88,5
DA:89,1
DA:90,2
DA:91,1
DA:92,2
DA:96,1
DA:100,1
DA:101,2
DA:102,1
DA:103,1
DA:104,3
DA:110,1
DA:114,1
DA:115,2
DA:116,1
DA:117,1
DA:118,3
DA:122,1
DA:124,2
DA:128,1
DA:130,2
DA:131,5
LF:60
LH:60
end_of_record
SF:lib\features\tv_series\domain\usecases\get_now_playing_tvseries.dart
DA:10,1
DA:12,1
DA:13,2
LF:3
LH:3
end_of_record
SF:lib\features\tv_series\domain\usecases\get_popular_tvseries.dart
DA:10,1
DA:12,1
DA:13,2
LF:3
LH:3
end_of_record
SF:lib\features\tv_series\domain\usecases\get_top_rated_tvseries.dart
DA:10,1
DA:12,1
DA:13,2
LF:3
LH:3
end_of_record
SF:lib\features\tv_series\domain\usecases\get_tvseries_detail.dart
DA:10,1
DA:12,1
DA:13,2
LF:3
LH:3
end_of_record
SF:lib\features\tv_series\domain\usecases\get_tvseries_recommendations.dart
DA:10,1
DA:12,1
DA:13,2
LF:3
LH:3
end_of_record
SF:lib\features\tv_series\domain\usecases\get_watchlist_tvseries_status.dart
DA:6,1
DA:8,1
DA:9,2
LF:3
LH:3
end_of_record
SF:lib\features\tv_series\domain\usecases\get_watchlist_tvseries.dart
DA:10,1
DA:12,1
DA:13,2
LF:3
LH:3
end_of_record
SF:lib\features\tv_series\domain\usecases\remove_tvseries_watchlist.dart
DA:9,1
DA:11,1
DA:12,2
LF:3
LH:3
end_of_record
SF:lib\features\tv_series\domain\usecases\save_tvseries_watchlist.dart
DA:10,1
DA:12,1
DA:13,2
LF:3
LH:3
end_of_record
SF:lib\features\tv_series\domain\usecases\search_tvseries.dart
DA:10,1
DA:12,1
DA:13,2
LF:3
LH:3
end_of_record
SF:lib\features\tv_series\presentation\bloc\popular_tvseries\popular_tvseries_bloc.dart
DA:15,1
DA:16,2
DA:17,2
DA:18,3
DA:20,2
DA:22,1
DA:23,1
DA:24,1
DA:25,2
DA:27,1
DA:31,1
DA:32,1
DA:33,2
LF:13
LH:13
end_of_record
SF:lib\features\tv_series\presentation\bloc\popular_tvseries\popular_tvseries_event.dart
DA:4,2
DA:6,0
DA:7,0
LF:3
LH:1
end_of_record
SF:lib\features\tv_series\presentation\bloc\popular_tvseries\popular_tvseries_state.dart
DA:4,2
DA:8,2
DA:14,1
DA:19,1
DA:20,0
DA:21,1
DA:22,1
DA:26,1
DA:27,1
DA:28,1
DA:29,1
DA:30,1
LF:12
LH:11
end_of_record
SF:lib\features\tv_series\presentation\bloc\top_rated_tvseries\top_rated_tvseries_event.dart
DA:4,2
DA:6,0
DA:7,0
LF:3
LH:1
end_of_record
SF:lib\features\tv_series\presentation\bloc\top_rated_tvseries\top_rated_tvseries_bloc.dart
DA:15,1
DA:16,2
DA:17,2
DA:18,3
DA:20,2
DA:22,1
DA:23,1
DA:24,1
DA:25,2
DA:27,1
DA:31,1
DA:32,1
DA:33,2
LF:13
LH:13
end_of_record
SF:lib\features\tv_series\presentation\bloc\top_rated_tvseries\top_rated_tvseries_state.dart
DA:4,2
DA:8,2
DA:14,1
DA:19,1
DA:20,0
DA:21,1
DA:22,1
DA:26,1
DA:27,1
DA:28,1
DA:29,1
DA:30,1
LF:12
LH:11
end_of_record
SF:lib\features\tv_series\presentation\bloc\tvseries_search\tvseries_search_event.dart
DA:4,1
DA:6,0
DA:7,0
DA:11,1
LF:4
LH:2
end_of_record
SF:lib\features\tv_series\presentation\bloc\tvseries_search\tvseries_search_state.dart
DA:4,1
DA:8,1
DA:14,1
DA:19,1
DA:20,0
DA:21,1
DA:22,1
DA:26,1
DA:27,1
DA:28,1
DA:29,1
DA:30,1
LF:12
LH:11
end_of_record
SF:lib\features\tv_series\presentation\bloc\tvseries_search\tvseries_search_bloc.dart
DA:14,1
DA:15,2
DA:16,2
DA:17,3
DA:19,3
DA:20,1
DA:21,1
DA:22,1
DA:23,2
DA:25,1
DA:29,1
DA:30,1
DA:31,2
LF:13
LH:13
end_of_record
SF:lib\features\tv_series\presentation\bloc\tvseries_detail\tvseries_detail_event.dart
DA:4,2
DA:6,0
DA:7,0
DA:11,2
DA:17,2
DA:23,1
DA:29,2
LF:7
LH:5
end_of_record
SF:lib\features\tv_series\presentation\bloc\tvseries_detail\tvseries_detail_bloc.dart
DA:27,1
DA:33,2
DA:34,2
DA:35,3
DA:37,3
DA:39,3
DA:41,1
DA:42,1
DA:43,1
DA:44,2
DA:46,1
DA:50,1
DA:51,1
DA:52,2
DA:58,1
DA:59,1
DA:60,1
DA:61,2
DA:63,1
DA:67,1
DA:68,1
DA:69,2
DA:76,1
DA:77,2
DA:85,2
DA:86,3
DA:88,1
DA:89,1
DA:90,4
DA:92,1
DA:93,3
DA:97,4
DA:100,2
DA:101,3
DA:103,1
DA:104,0
DA:105,0
DA:107,1
DA:108,3
DA:112,4
DA:115,2
DA:116,3
DA:117,3
LF:43
LH:41
end_of_record
SF:lib\features\tv_series\presentation\bloc\tvseries_detail\tvseries_detail_state.dart
DA:4,2
DA:13,1
DA:15,2
DA:25,1
DA:26,1
DA:34,1
DA:35,1
DA:38,1
DA:39,1
DA:40,1
DA:41,1
DA:53,1
DA:54,1
DA:64,1
DA:66,1
DA:67,1
DA:74,1
DA:75,1
DA:77,1
DA:78,1
DA:79,1
DA:88,1
DA:89,1
DA:97,1
DA:107,1
DA:116,1
DA:117,1
DA:118,1
DA:120,1
DA:121,1
DA:122,1
DA:123,1
DA:124,1
DA:128,1
DA:129,1
DA:130,1
DA:131,1
DA:132,1
DA:133,1
DA:134,1
DA:135,1
DA:136,1
LF:42
LH:42
end_of_record
SF:lib\features\tv_series\presentation\bloc\tvseries_list\tvseries_list_event.dart
DA:4,1
DA:6,0
DA:7,0
LF:3
LH:1
end_of_record
SF:lib\features\tv_series\presentation\bloc\tvseries_list\tvseries_list_bloc.dart
DA:18,1
DA:22,2
DA:23,2
DA:24,3
DA:26,2
DA:27,1
DA:28,1
DA:29,1
DA:30,2
DA:32,1
DA:36,1
DA:37,1
DA:38,2
DA:47,2
DA:48,3
DA:50,2
DA:51,1
DA:52,1
DA:53,1
DA:54,2
DA:56,1
DA:60,1
DA:61,1
DA:62,2
DA:71,2
DA:72,3
DA:74,2
DA:75,1
DA:76,1
DA:77,1
DA:78,2
DA:80,1
DA:84,1
DA:85,1
DA:86,2
LF:35
LH:35
end_of_record
SF:lib\features\tv_series\presentation\bloc\tvseries_list\tvseries_list_state.dart
DA:4,1
DA:12,1
DA:13,1
DA:14,1
DA:24,1
DA:33,1
DA:34,1
DA:35,1
DA:36,1
DA:37,1
DA:38,1
DA:40,1
DA:41,1
DA:45,1
DA:46,1
DA:47,1
DA:48,1
DA:49,1
DA:50,1
DA:51,1
DA:52,1
LF:21
LH:21
end_of_record
SF:lib\features\tv_series\presentation\bloc\watchlist_tvseries\watchlist_tveries_state.dart
DA:4,1
DA:8,1
DA:14,1
DA:19,1
DA:20,0
DA:21,1
DA:22,1
DA:26,1
DA:27,1
DA:28,1
DA:29,1
DA:30,1
LF:12
LH:11
end_of_record
SF:lib\features\tv_series\presentation\bloc\watchlist_tvseries\watchlist_tvseries_event.dart
DA:4,1
DA:6,0
DA:7,0
LF:3
LH:1
end_of_record
SF:lib\features\tv_series\presentation\bloc\watchlist_tvseries\watchlist_tvseries_bloc.dart
DA:15,1
DA:16,2
DA:17,2
DA:18,3
DA:20,2
DA:21,1
DA:22,1
DA:23,1
DA:24,2
DA:26,1
DA:30,1
DA:31,1
DA:32,2
LF:13
LH:13
end_of_record
SF:lib\features\tv_series\presentation\pages\popular_tvseries_page.dart
DA:11,1
DA:12,1
DA:16,1
DA:18,1
DA:19,2
DA:20,2
DA:21,2
DA:24,1
DA:26,1
DA:27,1
DA:28,1
DA:30,1
DA:32,1
DA:33,1
DA:34,2
DA:35,1
DA:36,1
DA:38,2
DA:39,1
DA:40,0
DA:41,0
DA:42,0
DA:44,2
DA:47,1
DA:48,1
DA:49,2
LF:26
LH:23
end_of_record
SF:lib\features\tv_series\presentation\widgets\tvseries_card_list.dart
DA:11,0
DA:13,0
DA:15,0
DA:17,0
DA:18,0
DA:19,0
DA:22,0
DA:25,0
DA:27,0
DA:28,0
DA:29,0
DA:35,0
DA:37,0
DA:38,0
DA:39,0
DA:42,0
DA:44,0
DA:45,0
DA:46,0
DA:54,0
DA:59,0
DA:60,0
DA:61,0
DA:63,0
DA:64,0
DA:66,0
DA:68,0
LF:27
LH:0
end_of_record
SF:lib\features\tv_series\presentation\pages\tvseries_detail_page.dart
DA:17,1
DA:19,1
DA:20,1
DA:24,1
DA:26,1
DA:27,2
DA:28,2
DA:29,4
DA:30,2
DA:31,4
DA:35,1
DA:37,1
DA:38,1
DA:39,1
DA:40,2
DA:41,0
DA:42,0
DA:44,2
DA:45,1
DA:46,1
DA:47,1
DA:49,1
DA:50,1
DA:54,0
DA:67,1
DA:69,1
DA:71,3
DA:72,1
DA:73,1
DA:74,1
DA:75,3
DA:77,2
DA:78,1
DA:80,0
DA:82,1
DA:84,1
DA:85,1
DA:86,1
DA:87,1
DA:89,2
DA:96,1
DA:97,1
DA:98,1
DA:100,1
DA:102,1
DA:104,1
DA:105,1
DA:106,2
DA:107,1
DA:109,1
DA:110,1
DA:111,1
DA:112,1
DA:114,2
DA:115,1
DA:117,0
DA:119,0
DA:120,0
DA:123,1
DA:124,1
DA:126,1
DA:127,1
DA:128,2
DA:130,1
DA:133,1
DA:136,1
DA:137,2
DA:138,1
DA:139,2
DA:143,1
DA:145,1
DA:146,1
DA:147,1
DA:152,1
DA:154,1
DA:155,1
DA:156,1
DA:157,1
DA:158,1
DA:162,1
DA:163,3
DA:165,1
DA:166,4
DA:168,1
DA:169,1
DA:170,1
DA:171,3
DA:173,2
DA:179,4
DA:182,1
DA:183,1
DA:185,1
DA:187,1
DA:188,3
DA:190,2
DA:192,1
DA:193,1
DA:195,1
DA:197,1
DA:199,1
DA:200,2
DA:202,0
DA:203,0
DA:205,2
DA:207,0
DA:208,2
DA:210,2
DA:211,1
DA:213,0
DA:215,0
DA:217,0
DA:219,0
DA:220,0
DA:222,0
DA:223,0
DA:224,0
DA:227,0
DA:230,0
DA:231,0
DA:232,0
DA:234,0
DA:236,0
DA:237,0
DA:238,0
DA:240,0
DA:243,0
DA:244,0
DA:250,0
DA:255,0
DA:263,1
DA:265,1
DA:280,1
DA:282,1
DA:285,1
DA:286,1
DA:287,0
DA:288,0
DA:297,1
DA:299,2
DA:300,3
DA:303,1
DA:307,3
DA:310,1
DA:311,1
LF:144
LH:111
end_of_record
SF:lib\features\tv_series\presentation\pages\top_rated_tvseries_page.dart
DA:11,1
DA:12,1
DA:16,1
DA:18,1
DA:19,2
DA:20,2
DA:21,2
DA:24,1
DA:26,1
DA:27,1
DA:28,1
DA:30,1
DA:32,1
DA:33,1
DA:34,2
DA:35,1
DA:36,1
DA:38,2
DA:39,1
DA:40,0
DA:41,0
DA:42,0
DA:44,2
DA:47,1
DA:48,1
DA:49,2
LF:26
LH:23
end_of_record
